  FBullCowGame.cpp
c:\users\ritts\desktop\scdsda\project1 (projekt właściwy)\project1\fbullcowgame.cpp(12): warning C4267: "return": konwersja z "size_t" do "int32", możliwa utrata danych
c:\users\ritts\desktop\scdsda\project1 (projekt właściwy)\project1\fbullcowgame.cpp(15): error C2761: „int32 FBullCowGame::GetMaxTries(void) const”: Ponowna deklaracja składowej nie jest dozwolona
c:\users\ritts\desktop\scdsda\project1 (projekt właściwy)\project1\fbullcowgame.cpp(16): error C2447: "{": brak nagłówka funkcji (stary styl formalnej listy?)
c:\users\ritts\desktop\scdsda\project1 (projekt właściwy)\project1\fbullcowgame.cpp(22): error C2761: „void FBullCowGame::Reset(void)”: Ponowna deklaracja składowej nie jest dozwolona
c:\users\ritts\desktop\scdsda\project1 (projekt właściwy)\project1\fbullcowgame.cpp(22): error C2447: "{": brak nagłówka funkcji (stary styl formalnej listy?)
c:\users\ritts\desktop\scdsda\project1 (projekt właściwy)\project1\fbullcowgame.cpp(44): error C2039: „Length”: Nie jest składową „std::basic_string<char,std::char_traits<char>,std::allocator<char>>”
  c:\program files (x86)\microsoft visual studio\2017\community\vc\tools\msvc\14.16.27023\include\xstring(4373): note: zobacz deklarację „std::basic_string<char,std::char_traits<char>,std::allocator<char>>”
c:\users\ritts\desktop\scdsda\project1 (projekt właściwy)\project1\fbullcowgame.cpp(56): warning C4267: "inicjowanie": konwersja z "size_t" do "int32", możliwa utrata danych
c:\users\ritts\desktop\scdsda\project1 (projekt właściwy)\project1\fbullcowgame.cpp(63): error C2181: niedozwolony else bez instrukcji if
c:\users\ritts\desktop\scdsda\project1 (projekt właściwy)\project1\fbullcowgame.cpp(60): warning C4390: ";": znaleziono kontrolowaną pustą instrukcję; czy to było zamierzone?
c:\users\ritts\desktop\scdsda\project1 (projekt właściwy)\project1\fbullcowgame.cpp(80): error C2065: "Word": niezadeklarowany identyfikator
c:\users\ritts\desktop\scdsda\project1 (projekt właściwy)\project1\fbullcowgame.cpp(84): error C2065: "Word": niezadeklarowany identyfikator
c:\users\ritts\desktop\scdsda\project1 (projekt właściwy)\project1\fbullcowgame.cpp(84): error C3312: nie znaleziono wywoływalnej funkcji "begin" dla typu "unknown-type"
c:\users\ritts\desktop\scdsda\project1 (projekt właściwy)\project1\fbullcowgame.cpp(84): error C3312: nie znaleziono wywoływalnej funkcji "end" dla typu "unknown-type"
c:\users\ritts\desktop\scdsda\project1 (projekt właściwy)\project1\fbullcowgame.cpp(85): error C2065: "Letter": niezadeklarowany identyfikator
c:\users\ritts\desktop\scdsda\project1 (projekt właściwy)\project1\fbullcowgame.cpp(86): error C2065: "Letter": niezadeklarowany identyfikator
c:\users\ritts\desktop\scdsda\project1 (projekt właściwy)\project1\fbullcowgame.cpp(91): error C2065: "Letter": niezadeklarowany identyfikator
c:\users\ritts\desktop\scdsda\project1 (projekt właściwy)\project1\fbullcowgame.cpp(98): error C2601: "FBullCowGame::IsLowercase": definicje funkcji lokalnych są niedozwolone
  c:\users\ritts\desktop\scdsda\project1 (projekt właściwy)\project1\fbullcowgame.cpp(79): note: ten wiersz zawiera znak „{”, który nie został jeszcze dopasowany
c:\users\ritts\desktop\scdsda\project1 (projekt właściwy)\project1\fbullcowgame.cpp(79): fatal error C1075: „{”: nie znaleziono zgodnego tokenu
  main.cpp
c:\users\ritts\desktop\scdsda\project1 (projekt właściwy)\project1\main.cpp(119): error C2447: "{": brak nagłówka funkcji (stary styl formalnej listy?)
  Generowanie kodu...
